phase3-android/app/build/outputs/mapping/release/seeds.txt
com.phishingdetector.ui.home.HomeActivity
com.phishingdetector.utils.PreferenceManager
com.phishingdetector.network.DetectionResponse
com.phishingdetector.network.DetectionApiService
com.phishingdetector.network.ApiResponse
com.phishingdetector.ui.home.HomeViewModel
com.phishingdetector.ui.results.ResultsActivity
com.phishingdetector.network.DetectionRequest
com.phishingdetector.utils.AlertManager
com.phishingdetector.notification.PhishingNotificationService
com.phishingdetector.network.DetectionResult
com.phishingdetector.accessibility.PhishingAccessibilityService
com.phishingdetector.utils.Constants
com.phishingdetector.network.ApiClient
com.phishingdetector.ui.home.HomeViewModel: androidx.lifecycle.MutableLiveData scanResult
com.phishingdetector.utils.Constants: int MAX_HISTORY_SIZE
com.phishingdetector.network.DetectionResult: boolean isPhishing
com.phishingdetector.network.DetectionRequest: java.lang.String url
com.phishingdetector.network.DetectionRequest: java.lang.String sender
com.phishingdetector.network.DetectionResponse: double confidence
com.phishingdetector.utils.PreferenceManager: android.content.SharedPreferences prefs
com.phishingdetector.network.DetectionResult: java.lang.String detectionSource
com.phishingdetector.utils.PreferenceManager: com.google.gson.Gson gson
com.phishingdetector.network.ApiClient: com.phishingdetector.network.DetectionApiService service
com.phishingdetector.utils.Constants: java.lang.String PREF_DETECTION_HISTORY
com.phishingdetector.utils.Constants: java.lang.String NOTIFICATION_CHANNEL_ID
com.phishingdetector.ui.home.HomeViewModel: androidx.lifecycle.MutableLiveData errorMsg
com.phishingdetector.network.DetectionResult: double confidence
com.phishingdetector.utils.AlertManager: android.app.NotificationManager notificationManager
com.phishingdetector.utils.Constants: int ALERT_NOTIFICATION_BASE_ID
com.phishingdetector.accessibility.PhishingAccessibilityService: java.util.Map recentlyScanned
com.phishingdetector.utils.Constants: java.lang.String PREFS_NAME
com.phishingdetector.utils.Constants: java.lang.String PREF_API_URL
com.phishingdetector.network.DetectionResult: long timestamp
com.phishingdetector.notification.PhishingNotificationService: java.util.Map recentlyScanned
com.phishingdetector.utils.AlertManager: java.util.concurrent.atomic.AtomicInteger notificationIdCounter
com.phishingdetector.network.DetectionResponse: java.lang.String url
com.phishingdetector.utils.AlertManager: java.lang.String SAFE_CHANNEL_ID
com.phishingdetector.utils.PreferenceManager: com.phishingdetector.utils.PreferenceManager instance
com.phishingdetector.utils.Constants: int API_READ_TIMEOUT_SECONDS
com.phishingdetector.accessibility.PhishingAccessibilityService: java.lang.String TAG
com.phishingdetector.ui.home.HomeViewModel: androidx.lifecycle.MutableLiveData history
com.phishingdetector.network.ApiClient: com.phishingdetector.network.ApiClient instance
com.phishingdetector.utils.Constants: int API_CONNECT_TIMEOUT_SECONDS
com.phishingdetector.network.ApiResponse: com.phishingdetector.network.DetectionResponse data
com.phishingdetector.notification.PhishingNotificationService: long DEDUP_WINDOW_MS
com.phishingdetector.utils.Constants: java.lang.String NOTIFICATION_CHANNEL_NAME
com.phishingdetector.network.DetectionResponse: boolean isPhishing
com.phishingdetector.network.ApiClient: java.lang.String activeBaseUrl
com.phishingdetector.network.DetectionResult: java.lang.String url
com.phishingdetector.network.ApiResponse: java.lang.String status
com.phishingdetector.utils.AlertManager: android.content.Context context
com.phishingdetector.utils.AlertManager: com.phishingdetector.utils.AlertManager instance
com.phishingdetector.network.ApiResponse: double latencyMs
com.phishingdetector.utils.AlertManager: java.lang.String SAFE_CHANNEL_NAME
com.phishingdetector.notification.PhishingNotificationService: java.lang.String TAG
...
com.google.gson.internal.ConstructorConstructor$4
retrofit2.converter.gson.GsonRequestBodyConverter
retrofit2.http.QueryName
com.google.gson.internal.LinkedTreeMap$EntrySet$1
retrofit2.CompletableFutureCallAdapterFactory$CallCancelCompletableFuture
okhttp3.internal.ws.MessageDeflater
com.google.gson.GsonBuilder
okhttp3.internal.concurrent.TaskQueue$execute$1
okhttp3.internal.connection.RealConnectionPool
retrofit2.OkHttpCall$NoContentResponseBody
android.support.v4.app.RemoteActionCompatParcelizer
com.google.gson.internal.bind.TreeTypeAdapter$GsonContextImpl
okhttp3.internal.http2.Http2Connection$Listener
kotlinx.coroutines.android.AndroidDispatcherFactory
okhttp3.MultipartBody$Builder
okhttp3.internal.cache2.Relay$Companion
retrofit2.Utils$GenericArrayTypeImpl
okhttp3.internal.platform.Android10Platform
okhttp3.internal.ws.MessageInflater
com.google.gson.internal.Streams$AppendableWriter$CurrentWrite
com.google.android.material.textfield.TextInputEditText
okhttp3.internal.http2.Http2Connection$ReaderRunnable
com.google.gson.internal.$Gson$Preconditions
retrofit2.http.Part
okhttp3.Interceptor
com.google.gson.ReflectionAccessFilter$3
com.google.gson.Gson$FutureTypeAdapter
okhttp3.internal.http.ExchangeCodec$Companion
okhttp3.CipherSuite
okhttp3.Authenticator$Companion
okhttp3.internal.connection.RealConnection$connectTls$1
retrofit2.Invocation
androidx.startup.InitializationProvider
okhttp3.internal.ws.WebSocketWriter
okhttp3.internal.publicsuffix.PublicSuffixDatabase
okhttp3.internal.http1.Http1ExchangeCodec$AbstractSource
com.google.gson.ReflectionAccessFilter
okhttp3.internal.cache.DiskLruCache$Entry$newSource$1
okhttp3.internal.concurrent.TaskRunner$Backend
okhttp3.internal.http2.Http2Connection$sendDegradedPingLater$$inlined$execute$default$1
okhttp3.CacheControl$Builder
okhttp3.Dispatcher
okhttp3.internal.ws.WebSocketExtensions$Companion
retrofit2.KotlinExtensions$await$2$2
com.google.android.material.chip.Chip
retrofit2.internal.EverythingIsNonNull
retrofit2.Utils$WildcardTypeImpl
com.google.gson.internal.bind.TypeAdapters$27
com.google.gson.internal.JsonReaderInternalAccess
com.google.android.material.behavior.HideBottomViewOnScrollBehavior
okhttp3.internal.http2.Http2Connection$Listener$Companion
okhttp3.internal.http2.Http2
okhttp3.Headers$Companion
com.google.gson.internal.LinkedTreeMap$EntrySet
com.google.gson.internal.ObjectConstructor
retrofit2.http.HTTP
okhttp3.internal.ws.WebSocketExtensions
com.google.gson.internal.bind.TypeAdapters$1
androidx.lifecycle.AndroidViewModel
com.google.gson.internal.bind.TypeAdapters$34$1
com.google.gson.Gson$4
okhttp3.internal.http.DatesKt
okhttp3.internal.tls.TrustRootIndex
okhttp3.internal.cache.CacheStrategy$Factory
retrofit2.http.FormUrlEncoded
okhttp3.internal.authenticator.JavaNetAuthenticator$WhenMappings
okhttp3.internal.cache.CacheRequest
retrofit2.http.Body
com.google.gson.internal.bind.JsonTreeReader
com.google.gson.internal.reflect.ReflectionHelper$RecordHelper
okhttp3.Handshake$Companion
com.google.gson.internal.bind.TypeAdapters$4
okhttp3.internal.http2.ErrorCode$Companion
retrofit2.HttpServiceMethod$SuspendForResponse
com.google.gson.FieldAttributes
retrofit2.OkHttpCall$1
com.google.android.material.floatingactionbutton.FloatingActionButton
com.google.gson.package-info
okhttp3.internal.platform.android.AndroidCertificateChainCleaner
com.google.gson.internal.bind.ReflectiveTypeAdapterFactory$1
retrofit2.BuiltInConverters$UnitResponseBodyConverter
okhttp3.internal.platform.Jdk8WithJettyBootPlatform
androidx.appcompat.widget.DialogTitle
retrofit2.Retrofit$1
com.google.gson.internal.bind.TypeAdapters$32
androidx.profileinstaller.ProfileInstallerInitializer
androidx.core.app.CoreComponentFactory
com.google.gson.internal.$Gson$Types
okhttp3.internal.http.RequestLine
com.google.gson.internal.bind.MapTypeAdapterFactory$Adapter
com.google.gson.internal.bind.TypeAdapters$2
okhttp3.Response$Builder
okhttp3.FormBody
okhttp3.internal.http2.Http2Stream$Companion