phase3-android/app/build/outputs/mapping/release/usage.txt
com.phishingdetector.BuildConfig
com.phishingdetector.R$color:
    public static int colorBackground
    public static int colorOnPrimary
    public static int colorOnSecondary
    public static int colorOnSurface
    public static int colorPrimary
    public static int colorPrimaryDark
    public static int colorPrimaryVariant
    public static int colorSecondary
    public static int colorSurface
    public static int divider
    public static int phishing_red_light
    public static int safe_green_light
    public static int text_secondary
    public static int warning_orange
    private void <init>()
com.phishingdetector.R$dimen
com.phishingdetector.R$drawable:
    public static int ic_arrow_back
    public static int ic_delete
    public static int ic_launcher_background
    public static int ic_launcher_foreground
    private void <init>()
com.phishingdetector.R$id:
    public static int cardItem
    private void <init>()
com.phishingdetector.R$layout:
    private void <init>()
com.phishingdetector.R$menu:
    private void <init>()
com.phishingdetector.R$mipmap
com.phishingdetector.R$string:
    public static int accessibility_service_description
    public static int accessibility_service_label
    public static int action_clear_history
    public static int action_settings
    public static int app_name
    public static int btn_scan
    public static int btn_view_all
    public static int card_access_body
    public static int card_access_title
    public static int card_notif_body
    public static int card_notif_title
    public static int hint_url
    public static int label_monitor_toggle
    public static int label_recent
    public static int notification_service_label
    public static int title_home
    public static int tv_empty
    public static int tv_no_history
    private void <init>()
com.phishingdetector.R$style
com.phishingdetector.R$xml
com.phishingdetector.R
com.phishingdetector.databinding.ActivityHomeBinding:
    public synthetic bridge android.view.View getRoot()
com.phishingdetector.databinding.ActivityResultsBinding:
    public synthetic bridge android.view.View getRoot()
com.phishingdetector.databinding.ItemResultBinding:
    public synthetic bridge android.view.View getRoot()
    public static com.phishingdetector.databinding.ItemResultBinding inflate(android.view.LayoutInflater)
com.phishingdetector.notification.NotificationParser:
    private static final java.lang.String TAG
com.phishingdetector.notification.UrlExtractor:
    private static final int MAX_URLS_PER_NOTIFICATION
com.phishingdetector.R$color
com.phishingdetector.R$drawable
com.phishingdetector.R$id
com.phishingdetector.R$layout
com.phishingdetector.R$menu
com.phishingdetector.R$string
com.phishingdetector.databinding.ActivityHomeBinding:
    public final androidx.coordinatorlayout.widget.CoordinatorLayout rootView
    public static androidx.coordinatorlayout.widget.CoordinatorLayout getRoot()
com.phishingdetector.databinding.ActivityResultsBinding:
    public final androidx.coordinatorlayout.widget.CoordinatorLayout rootView
    public static androidx.coordinatorlayout.widget.CoordinatorLayout getRoot()
com.phishingdetector.databinding.ItemResultBinding
com.phishingdetector.notification.NotificationParser:
    public static java.util.List extractUrls()
com.phishingdetector.notification.PhishingNotificationService$1
com.phishingdetector.ui.home.HomeActivity$$InternalSyntheticLambda$1$0a01237b11d45a1b4288b5b15deaf02ecc165c1f886fed5fb0d0b404f764d143$1
com.phishingdetector.ui.home.HomeActivity$$InternalSyntheticLambda$1$0a01237b11d45a1b4288b5b15deaf02ecc165c1f886fed5fb0d0b404f764d143$2
com.phishingdetector.ui.home.HomeActivity$$InternalSyntheticLambda$1$0a01237b11d45a1b4288b5b15deaf02ecc165c1f886fed5fb0d0b404f764d143$3
com.phishingdetector.ui.home.HomeActivity$$InternalSyntheticLambda$1$0a01237b11d45a1b4288b5b15deaf02ecc165c1f886fed5fb0d0b404f764d143$4
...
kotlin.reflect.TypeImpl
kotlin.reflect.TypeOfKt
kotlin.reflect.TypeVariableImpl
kotlin.reflect.TypesJVMKt$WhenMappings
kotlin.reflect.TypesJVMKt$typeToString$unwrap$1
kotlin.reflect.TypesJVMKt
kotlin.reflect.WildcardTypeImpl$Companion
kotlin.reflect.WildcardTypeImpl
kotlin.sequences.DistinctIterator
kotlin.sequences.DistinctSequence
kotlin.sequences.DropSequence$iterator$1:
    public final java.util.Iterator getIterator()
    public final int getLeft()
    public final void setLeft(int)
kotlin.sequences.DropSequence:
    public kotlin.sequences.Sequence take(int)
kotlin.sequences.DropTakeSequence:
    public abstract kotlin.sequences.Sequence take(int)
kotlin.sequences.DropWhileSequence$iterator$1
kotlin.sequences.DropWhileSequence
kotlin.sequences.EmptySequence
kotlin.sequences.FilteringSequence$iterator$1
kotlin.sequences.FilteringSequence
kotlin.sequences.FlatteningSequence$iterator$1
kotlin.sequences.FlatteningSequence
kotlin.sequences.GeneratorSequence$iterator$1
kotlin.sequences.GeneratorSequence
kotlin.sequences.IndexingSequence$iterator$1
kotlin.sequences.IndexingSequence
kotlin.sequences.MergingSequence$iterator$1
kotlin.sequences.MergingSequence
kotlin.sequences.SequenceBuilderIterator:
    public final kotlin.coroutines.Continuation getNextStep()
kotlin.sequences.SequenceScope:
    public final java.lang.Object yieldAll(java.lang.Iterable,kotlin.coroutines.Continuation)
kotlin.sequences.SequencesKt:
    private void <init>()
kotlin.sequences.SequencesKt__SequenceBuilderKt:
    private static final int State_Done
    private static final int State_Failed
    private static final int State_ManyNotReady
    private static final int State_ManyReady
    private static final int State_NotReady
    private static final int State_Ready
    public void <init>()
kotlin.sequences.SequencesKt__SequencesJVMKt:
    public void <init>()
    private static final kotlin.sequences.Sequence asSequence(java.util.Enumeration)
kotlin.sequences.SequencesKt__SequencesKt$Sequence$1
kotlin.sequences.SequencesKt__SequencesKt$flatMapIndexed$1
kotlin.sequences.SequencesKt__SequencesKt$flatten$1
kotlin.sequences.SequencesKt__SequencesKt$flatten$2
kotlin.sequences.SequencesKt__SequencesKt$flatten$3
kotlin.sequences.SequencesKt__SequencesKt$generateSequence$1
kotlin.sequences.SequencesKt__SequencesKt$generateSequence$2
kotlin.sequences.SequencesKt__SequencesKt$ifEmpty$1
kotlin.sequences.SequencesKt__SequencesKt$shuffled$1
kotlin.sequences.SequencesKt__SequencesKt:
    public void <init>()
    private static final kotlin.sequences.Sequence Sequence(kotlin.jvm.functions.Function0)
    public static final kotlin.sequences.Sequence emptySequence()
    public static final kotlin.sequences.Sequence flatMapIndexed(kotlin.sequences.Sequence,kotlin.jvm.functions.Function2,kotlin.jvm.functions.Function1)
    public static final kotlin.sequences.Sequence flatten(kotlin.sequences.Sequence)
    private static final kotlin.sequences.Sequence flatten$SequencesKt__SequencesKt(kotlin.sequences.Sequence,kotlin.jvm.functions.Function1)
    public static final kotlin.sequences.Sequence flattenSequenceOfIterable(kotlin.sequences.Sequence)
    public static final kotlin.sequences.Sequence generateSequence(java.lang.Object,kotlin.jvm.functions.Function1)
    public static final kotlin.sequences.Sequence generateSequence(kotlin.jvm.functions.Function0)
    public static final kotlin.sequences.Sequence generateSequence(kotlin.jvm.functions.Function0,kotlin.jvm.functions.Function1)
    public static final kotlin.sequences.Sequence ifEmpty(kotlin.sequences.Sequence,kotlin.jvm.functions.Function0)
    private static final kotlin.sequences.Sequence orEmpty(kotlin.sequences.Sequence)
    public static final varargs kotlin.sequences.Sequence sequenceOf(java.lang.Object[])
    public static final kotlin.sequences.Sequence shuffled(kotlin.sequences.Sequence)
kotlin.sequences.SequencesKt___SequencesJvmKt$filterIsInstance$1